<?xml version="1.0" encoding="UTF-8"?>
<!-- Generated by org.testng.reporters.JUnitXMLReporter -->
<testsuite ignored="0" hostname="BibinaSreejith" failures="0" tests="10" name="Test" time="0.193" errors="0" timestamp="2026-06-18T23:21:40 IST">
  <testcase classname="testscript.Base" name="@BeforeMethod browserInitialization" time="-1.781821300278E9">
    <failure type="org.testng.TestNGException" message="
Parameter &amp;apos;browser&amp;apos; is required by BeforeMethod on method browserInitialization but has not been marked @Optional or defined
in C:\Users\bibin\git\7rmart-supermarket\7rmartsupermarket\testng.xml">
      <![CDATA[org.testng.TestNGException: 
Parameter 'browser' is required by BeforeMethod on method browserInitialization but has not been marked @Optional or defined
in C:\Users\bibin\git\7rmart-supermarket\7rmartsupermarket\testng.xml
at java.base/java.util.ArrayList.forEach(ArrayList.java:1511)
... Removed 28 stack frames]]>
    </failure>
  </testcase> <!-- @BeforeMethod browserInitialization -->
  <testcase classname="testscript.Base" name="@AfterMethod browserQuit" time="0.0">
    <skipped/>
  </testcase> <!-- @AfterMethod browserQuit -->
  <testcase classname="testscript.Base" name="@BeforeMethod browserInitialization" time="-1.781821300319E9">
    <failure type="org.testng.TestNGException" message="
Parameter &amp;apos;browser&amp;apos; is required by BeforeMethod on method browserInitialization but has not been marked @Optional or defined
in C:\Users\bibin\git\7rmart-supermarket\7rmartsupermarket\testng.xml">
      <![CDATA[org.testng.TestNGException: 
Parameter 'browser' is required by BeforeMethod on method browserInitialization but has not been marked @Optional or defined
in C:\Users\bibin\git\7rmart-supermarket\7rmartsupermarket\testng.xml
at java.base/java.util.ArrayList.forEach(ArrayList.java:1511)
... Removed 28 stack frames]]>
    </failure>
  </testcase> <!-- @BeforeMethod browserInitialization -->
  <testcase classname="testscript.Base" name="@AfterMethod browserQuit" time="0.0">
    <skipped/>
  </testcase> <!-- @AfterMethod browserQuit -->
  <testcase classname="testscript.Base" name="@BeforeMethod browserInitialization" time="-1.781821300333E9">
    <failure type="org.testng.TestNGException" message="
Parameter &amp;apos;browser&amp;apos; is required by BeforeMethod on method browserInitialization but has not been marked @Optional or defined
in C:\Users\bibin\git\7rmart-supermarket\7rmartsupermarket\testng.xml">
      <![CDATA[org.testng.TestNGException: 
Parameter 'browser' is required by BeforeMethod on method browserInitialization but has not been marked @Optional or defined
in C:\Users\bibin\git\7rmart-supermarket\7rmartsupermarket\testng.xml
at java.base/java.util.ArrayList.forEach(ArrayList.java:1511)
... Removed 28 stack frames]]>
    </failure>
  </testcase> <!-- @BeforeMethod browserInitialization -->
  <testcase classname="testscript.Base" name="@AfterMethod browserQuit" time="0.0">
    <skipped/>
  </testcase> <!-- @AfterMethod browserQuit -->
  <testcase classname="testscript.Base" name="@BeforeMethod browserInitialization" time="-1.781821300343E9">
    <failure type="org.testng.TestNGException" message="
Parameter &amp;apos;browser&amp;apos; is required by BeforeMethod on method browserInitialization but has not been marked @Optional or defined
in C:\Users\bibin\git\7rmart-supermarket\7rmartsupermarket\testng.xml">
      <![CDATA[org.testng.TestNGException: 
Parameter 'browser' is required by BeforeMethod on method browserInitialization but has not been marked @Optional or defined
in C:\Users\bibin\git\7rmart-supermarket\7rmartsupermarket\testng.xml
at java.base/java.util.ArrayList.forEach(ArrayList.java:1511)
... Removed 28 stack frames]]>
    </failure>
  </testcase> <!-- @BeforeMethod browserInitialization -->
  <testcase classname="testscript.Base" name="@AfterMethod browserQuit" time="0.0">
    <skipped/>
  </testcase> <!-- @AfterMethod browserQuit -->
  <testcase classname="testscript.Base" name="@BeforeMethod browserInitialization" time="-1.781821300358E9">
    <failure type="org.testng.TestNGException" message="
Parameter &amp;apos;browser&amp;apos; is required by BeforeMethod on method browserInitialization but has not been marked @Optional or defined
in C:\Users\bibin\git\7rmart-supermarket\7rmartsupermarket\testng.xml">
      <![CDATA[org.testng.TestNGException: 
Parameter 'browser' is required by BeforeMethod on method browserInitialization but has not been marked @Optional or defined
in C:\Users\bibin\git\7rmart-supermarket\7rmartsupermarket\testng.xml
at java.base/java.util.ArrayList.forEach(ArrayList.java:1511)
... Removed 28 stack frames]]>
    </failure>
  </testcase> <!-- @BeforeMethod browserInitialization -->
  <testcase classname="testscript.Base" name="@AfterMethod browserQuit" time="0.0">
    <skipped/>
  </testcase> <!-- @AfterMethod browserQuit -->
  <testcase classname="testscript.Base" name="@BeforeMethod browserInitialization" time="-1.781821300376E9">
    <failure type="org.testng.TestNGException" message="
Parameter &amp;apos;browser&amp;apos; is required by BeforeMethod on method browserInitialization but has not been marked @Optional or defined
in C:\Users\bibin\git\7rmart-supermarket\7rmartsupermarket\testng.xml">
      <![CDATA[org.testng.TestNGException: 
Parameter 'browser' is required by BeforeMethod on method browserInitialization but has not been marked @Optional or defined
in C:\Users\bibin\git\7rmart-supermarket\7rmartsupermarket\testng.xml
at java.base/java.util.ArrayList.forEach(ArrayList.java:1511)
... Removed 28 stack frames]]>
    </failure>
  </testcase> <!-- @BeforeMethod browserInitialization -->
  <testcase classname="testscript.Base" name="@AfterMethod browserQuit" time="0.0">
    <skipped/>
  </testcase> <!-- @AfterMethod browserQuit -->
  <testcase classname="testscript.Base" name="@BeforeMethod browserInitialization" time="0.0">
    <skipped/>
  </testcase> <!-- @BeforeMethod browserInitialization -->
  <testcase classname="testscript.Base" name="@AfterMethod browserQuit" time="0.0">
    <skipped/>
  </testcase> <!-- @AfterMethod browserQuit -->
  <testcase classname="testscript.Base" name="@BeforeMethod browserInitialization" time="0.0">
    <skipped/>
  </testcase> <!-- @BeforeMethod browserInitialization -->
  <testcase classname="testscript.Base" name="@AfterMethod browserQuit" time="0.0">
    <skipped/>
  </testcase> <!-- @AfterMethod browserQuit -->
  <testcase classname="testscript.Base" name="@BeforeMethod browserInitialization" time="0.0">
    <skipped/>
  </testcase> <!-- @BeforeMethod browserInitialization -->
  <testcase classname="testscript.Base" name="@AfterMethod browserQuit" time="0.0">
    <skipped/>
  </testcase> <!-- @AfterMethod browserQuit -->
  <testcase classname="testscript.Base" name="@BeforeMethod browserInitialization" time="-1.781821300417E9">
    <failure type="org.testng.TestNGException" message="
Parameter &amp;apos;browser&amp;apos; is required by BeforeMethod on method browserInitialization but has not been marked @Optional or defined
in C:\Users\bibin\git\7rmart-supermarket\7rmartsupermarket\testng.xml">
      <![CDATA[org.testng.TestNGException: 
Parameter 'browser' is required by BeforeMethod on method browserInitialization but has not been marked @Optional or defined
in C:\Users\bibin\git\7rmart-supermarket\7rmartsupermarket\testng.xml
at java.base/java.util.ArrayList.forEach(ArrayList.java:1511)
... Removed 28 stack frames]]>
    </failure>
  </testcase> <!-- @BeforeMethod browserInitialization -->
  <testcase classname="testscript.Base" name="@AfterMethod browserQuit" time="0.0">
    <skipped/>
  </testcase> <!-- @AfterMethod browserQuit -->
  <testcase classname="testscript.ManageCategoryTest" name="varifyUserNameAndPassword" time="0.0">
    <skipped/>
  </testcase> <!-- varifyUserNameAndPassword -->
  <testcase classname="testscript.AdminUsersTest" name="varifyUserNameAndPassword" time="0.0">
    <skipped/>
  </testcase> <!-- varifyUserNameAndPassword -->
  <testcase classname="testscript.ManageContactTest" name="varifyUserNameAndPassword" time="0.0">
    <skipped/>
  </testcase> <!-- varifyUserNameAndPassword -->
  <testcase classname="testscript.ManageNewsTest" name="manageNewsField" time="0.0">
    <skipped/>
  </testcase> <!-- manageNewsField -->
  <testcase classname="testscript.ManageFooterTextTest" name="varifyUserNameAndPassword" time="0.0">
    <skipped/>
  </testcase> <!-- varifyUserNameAndPassword -->
  <testcase classname="testscript.LoginTest" name="verifyUserIsAbletoLogInUsingInvalidUserNameAndInPassword" time="0.001">
    <skipped/>
  </testcase> <!-- verifyUserIsAbletoLogInUsingInvalidUserNameAndInPassword -->
  <testcase classname="testscript.LoginTest" name="verifyUserIsAbletoLogInUsingInvalidUserNameAndPassword" time="0.001">
    <skipped/>
  </testcase> <!-- verifyUserIsAbletoLogInUsingInvalidUserNameAndPassword -->
  <testcase classname="testscript.LoginTest" name="verifyUserIsAbletoLogInUsingvalidUserNameAndInPassword" time="0.0">
    <skipped/>
  </testcase> <!-- verifyUserIsAbletoLogInUsingvalidUserNameAndInPassword -->
  <testcase classname="testscript.LoginTest" name="verifyUserIsAbletoLogInUsingvalidUserNameAndPassword" time="0.0">
    <skipped/>
  </testcase> <!-- verifyUserIsAbletoLogInUsingvalidUserNameAndPassword -->
  <testcase classname="testscript.LogoutTest" name="verifyLogout" time="0.0">
    <skipped/>
  </testcase> <!-- verifyLogout -->
</testsuite> <!-- Test -->
