<?xml version="1.0" encoding="UTF-8"?>
<!-- Generated by org.testng.reporters.JUnitXMLReporter -->
<testsuite ignored="8" hostname="BibinaSreejith" failures="0" tests="2" name="chrome" time="10.346" errors="0" timestamp="2026-06-19T16:30:02 IST">
  <testcase classname="testscript.LoginTest" name="verifyUserIsAbletoLogInUsingvalidUserNameAndPassword" time="2.976"/>
  <testcase classname="testscript.LogoutTest" name="verifyLogout" time="1.791"/>
  <testcase classname="testscript.ManageFooterTextTest" name="varifyUserNameAndPassword" time="0.0">
    <ignored/>
  </testcase> <!-- varifyUserNameAndPassword -->
  <testcase classname="testscript.LoginTest" name="verifyUserIsAbletoLogInUsingvalidUserNameAndInPassword" time="0.0">
    <ignored/>
  </testcase> <!-- verifyUserIsAbletoLogInUsingvalidUserNameAndInPassword -->
  <testcase classname="testscript.ManageCategoryTest" name="varifyUserNameAndPassword" time="0.0">
    <ignored/>
  </testcase> <!-- varifyUserNameAndPassword -->
  <testcase classname="testscript.ManageContactTest" name="varifyUserNameAndPassword" time="0.0">
    <ignored/>
  </testcase> <!-- varifyUserNameAndPassword -->
  <testcase classname="testscript.AdminUsersTest" name="varifyUserNameAndPassword" time="0.0">
    <ignored/>
  </testcase> <!-- varifyUserNameAndPassword -->
  <testcase classname="testscript.LoginTest" name="verifyUserIsAbletoLogInUsingInvalidUserNameAndInPassword" time="0.0">
    <ignored/>
  </testcase> <!-- verifyUserIsAbletoLogInUsingInvalidUserNameAndInPassword -->
  <testcase classname="testscript.ManageNewsTest" name="manageNewsField" time="0.0">
    <ignored/>
  </testcase> <!-- manageNewsField -->
  <testcase classname="testscript.LoginTest" name="verifyUserIsAbletoLogInUsingInvalidUserNameAndPassword" time="0.0">
    <ignored/>
  </testcase> <!-- verifyUserIsAbletoLogInUsingInvalidUserNameAndPassword -->
</testsuite> <!-- chrome -->
